<?xml version="1.0" encoding="UTF-8"?>
<!-- Generated by org.testng.reporters.JUnitReportReporter -->
<testsuite hostname="HDC4-L-03221HV" failures="0" tests="1" name="Acomodation.Testcase.Testcase_02_flightbook" time="8.942" errors="0" timestamp="2021-08-31T17:18:07 IST" skipped="0">
  <testcase classname="Acomodation.Testcase.Testcase_02_flightbook" name="bookflight" time="8.942"/>
  <system-out/>
</testsuite> <!-- Acomodation.Testcase.Testcase_02_flightbook -->
