<?xml version="1.0" encoding="UTF-8"?>
<!-- Generated by org.testng.reporters.JUnitReportReporter -->
<testsuite hostname="HDC4-L-03221HV" failures="0" tests="1" name="Acomodation.Testcase.Testcase_01_navigationcheck_All_Page" time="34.973" errors="0" timestamp="2021-08-26T12:03:14 IST" skipped="0">
  <testcase classname="Acomodation.Testcase.Testcase_01_navigationcheck_All_Page" name="navigations" time="34.973"/>
  <system-out/>
</testsuite> <!-- Acomodation.Testcase.Testcase_01_navigationcheck_All_Page -->
